<?xml version="1.0" encoding="UTF-8"?>
<!-- Generated by org.testng.reporters.JUnitReportReporter -->
<testsuite hostname="MACH-5" failures="0" tests="2" name="NA.testcases.TrendingnewspageTest" time="1376.020" errors="0" timestamp="2021-08-12T13:16:10 IST" skipped="1">
  <testcase classname="NA.testcases.TrendingnewspageTest" name="Trendingborken" time="1376.020"/>
  <system-out/>
  <testcase classname="NA.testcases.TrendingnewspageTest" name="Treadingtest">
    <skipped/>
  </testcase> <!-- Treadingtest -->
  <system-out/>
</testsuite> <!-- NA.testcases.TrendingnewspageTest -->
