<?xml version="1.0" encoding="UTF-8"?>
<!-- Generated by org.testng.reporters.JUnitReportReporter -->
<testsuite hostname="MACH-5" failures="0" tests="1" name="Popuptestcases.NewsletterTest" time="13.834" errors="0" timestamp="2021-08-05T10:59:27 IST" skipped="0">
  <testcase classname="Popuptestcases.NewsletterTest" name="newsletterpopwithouttandc" time="13.834"/>
  <system-out/>
</testsuite> <!-- Popuptestcases.NewsletterTest -->
