<?xml version="1.0" encoding="UTF-8"?>
<!-- Generated by org.testng.reporters.JUnitReportReporter -->
<testsuite hostname="MACH-5" failures="0" tests="1" name="NA.testcases.Signuptest" time="17.473" errors="0" timestamp="2021-08-04T10:03:55 IST" skipped="0">
  <testcase classname="NA.testcases.Signuptest" name="clickonsignupmodel" time="17.473"/>
  <system-out/>
</testsuite> <!-- NA.testcases.Signuptest -->
