<?xml version="1.0" encoding="UTF-8"?>
<!-- Generated by org.testng.reporters.JUnitReportReporter -->
<testsuite hostname="MACH-5" failures="0" tests="1" name="NA.testcases.FeacturenewsTest" time="109.824" errors="0" timestamp="2021-08-06T10:15:31 IST" skipped="0">
  <testcase classname="NA.testcases.FeacturenewsTest" name="feacturenewsTest" time="109.824"/>
  <system-out/>
</testsuite> <!-- NA.testcases.FeacturenewsTest -->
