<?xml version="1.0" encoding="UTF-8"?>
<!-- Generated by org.testng.reporters.JUnitReportReporter -->
<testsuite hostname="MACH-5" failures="0" tests="2" name="PA.Globalpage.Testcases.Homepagetest" time="7.219" errors="0" timestamp="2021-08-16T13:12:15 IST" skipped="1">
  <testcase classname="PA.Globalpage.Testcases.Homepagetest" name="h2tagprop" time="7.219"/>
  <system-out/>
  <testcase classname="PA.Globalpage.Testcases.Homepagetest" name="HomepagetitleTest">
    <skipped/>
  </testcase> <!-- HomepagetitleTest -->
  <system-out/>
</testsuite> <!-- PA.Globalpage.Testcases.Homepagetest -->
