<?xml version="1.0" encoding="UTF-8"?>
<!-- Generated by org.testng.reporters.JUnitReportReporter -->
<testsuite hostname="MACH-5" failures="0" tests="2" name="NA.testcases.Articlepagetest" time="1064.640" errors="0" timestamp="2021-08-13T13:13:12 IST" skipped="1">
  <testcase classname="NA.testcases.Articlepagetest" name="Articlebrokenimg" time="1064.640"/>
  <system-out/>
  <testcase classname="NA.testcases.Articlepagetest" name="ArticlepageTest">
    <skipped/>
  </testcase> <!-- ArticlepageTest -->
  <system-out/>
</testsuite> <!-- NA.testcases.Articlepagetest -->
