<?xml version="1.0" encoding="UTF-8"?>
<!-- Generated by org.testng.reporters.JUnitReportReporter -->
<testsuite hostname="MACH-5" failures="0" tests="1" name="NA.testcases.Homepagetest" time="14.577" errors="0" timestamp="2021-08-05T15:45:01 IST" skipped="0">
  <testcase classname="NA.testcases.Homepagetest" name="h2tag" time="14.577"/>
  <system-out/>
</testsuite> <!-- NA.testcases.Homepagetest -->
